<?xml version="1.0" encoding="UTF-8"?>
<!-- Generated by org.testng.reporters.JUnitReportReporter -->
<testsuite hostname="NAG1-LHP-N07423" failures="0" tests="2" name="SerializtionsAndDeserialization.With_SerializationAndDeserialization" time="3.629" errors="0" timestamp="2021-05-16T15:05:32 IST" skipped="0">
  <testcase classname="SerializtionsAndDeserialization.With_SerializationAndDeserialization" name="createNewSerialization" time="3.528"/>
  <system-out/>
  <testcase classname="SerializtionsAndDeserialization.With_SerializationAndDeserialization" name="getStudentDeserialization" time="0.101"/>
  <system-out/>
</testsuite> <!-- SerializtionsAndDeserialization.With_SerializationAndDeserialization -->
