<?xml version="1.0" encoding="UTF-8"?>
<!-- Generated by org.testng.reporters.JUnitReportReporter -->
<testsuite hostname="NAG1-LHP-N07423" failures="0" tests="2" name="com.qa.user.testcases.student_API_No_Serializations" time="3.677" errors="0" timestamp="2021-05-16T13:40:16 IST" skipped="0">
  <testcase classname="com.qa.user.testcases.student_API_No_Serializations" name="createNewStudent" time="3.562"/>
  <system-out/>
  <testcase classname="com.qa.user.testcases.student_API_No_Serializations" name="studentRecords" time="0.115"/>
  <system-out/>
</testsuite> <!-- com.qa.user.testcases.student_API_No_Serializations -->
