<?xml version="1.0" encoding="UTF-8"?>
<!-- Generated by org.testng.reporters.JUnitReportReporter -->
<testsuite hostname="NAG1-LHP-N07423" failures="0" tests="1" name="com.qa.user.testcases.TC003_Put_Users" time="2.043" errors="0" timestamp="2021-05-15T21:14:52 IST" skipped="0">
  <testcase classname="com.qa.user.testcases.TC003_Put_Users" name="updateUsersDB" time="2.043"/>
  <system-out/>
</testsuite> <!-- com.qa.user.testcases.TC003_Put_Users -->
