<?xml version="1.0" encoding="UTF-8"?>
<!-- Generated by org.testng.reporters.JUnitReportReporter -->
<testsuite hostname="NAG1-LHP-N07423" failures="0" tests="1" name="com.qa.user.testcases.TC001_Get_All_Users" time="3.433" errors="0" timestamp="2021-05-15T17:05:42 IST" skipped="0">
  <testcase classname="com.qa.user.testcases.TC001_Get_All_Users" name="getAllUsers" time="3.433"/>
  <system-out/>
</testsuite> <!-- com.qa.user.testcases.TC001_Get_All_Users -->
