<?xml version="1.0" encoding="UTF-8"?>
<!-- Generated by org.testng.reporters.JUnitReportReporter -->
<testsuite hostname="NAG1-LHP-N07423" failures="0" tests="1" name="com.qa.user.testcases.TC005_Basic_Validation" time="2.599" errors="0" timestamp="2021-05-15T22:17:58 IST" skipped="0">
  <testcase classname="com.qa.user.testcases.TC005_Basic_Validation" name="parameters_headers" time="2.599"/>
  <system-out/>
</testsuite> <!-- com.qa.user.testcases.TC005_Basic_Validation -->
