<?xml version="1.0" encoding="UTF-8"?>
<!-- Generated by org.testng.reporters.JUnitReportReporter -->
<testsuite hostname="NAG1-LHP-N07423" failures="0" tests="1" name="com.qa.user.testcases.TC002_Post_Users" time="1.889" errors="0" timestamp="2021-05-15T19:59:03 IST" skipped="0">
  <testcase classname="com.qa.user.testcases.TC002_Post_Users" name="createUsers" time="1.889"/>
  <system-out/>
</testsuite> <!-- com.qa.user.testcases.TC002_Post_Users -->
