<?xml version="1.0" encoding="UTF-8"?>
<!-- Generated by org.testng.reporters.JUnitReportReporter -->
<testsuite hostname="NAG1-LHP-N07423" failures="0" tests="1" name="com.qa.user.testcases.TC004_Delete_User" time="2.394" errors="0" timestamp="2021-05-15T21:17:44 IST" skipped="0">
  <testcase classname="com.qa.user.testcases.TC004_Delete_User" name="DeleteUsers" time="2.394"/>
  <system-out/>
</testsuite> <!-- com.qa.user.testcases.TC004_Delete_User -->
