<?xml version="1.0" encoding="UTF-8"?>
<!-- Generated by org.testng.reporters.JUnitReportReporter -->
<testsuite hostname="NAG1-LHP-N07423" failures="0" tests="1" name="com.qa.user.testcases.TC006_XML_Validations" time="3.027" errors="0" timestamp="2021-05-16T00:14:23 IST" skipped="0">
  <testcase classname="com.qa.user.testcases.TC006_XML_Validations" name="XML_path_Response" time="3.027"/>
  <system-out/>
</testsuite> <!-- com.qa.user.testcases.TC006_XML_Validations -->
